<?xml version="1.0" encoding="UTF-8" ?>
<testsuite tests="3" failures="2" name="TestSuite" time="46.072" errors="0" skipped="0">
  <properties>
[...]
</properties>
  <testcase classname="mavenDemo.mathsLogicTest" name="additionTest" time="0.029"/>
  <testcase classname="mavenDemo.mathsLogicTest" name="subtractionTest" time="0.099">
    <failure message="expected [5] but found [1]" type="java.lang.AssertionError">java.lang.AssertionError: expected [5] but found [1]
	at org.testng.Assert.fail(Assert.java:96)
	at org.testng.Assert.failNotEquals(Assert.java:776)
	at org.testng.Assert.assertEqualsImpl(Assert.java:137)
	at org.testng.Assert.assertEquals(Assert.java:118)
	at org.testng.Assert.assertEquals(Assert.java:652)
	at org.testng.Assert.assertEquals(Assert.java:662)
	at mavenDemo.mathsLogicTest.subtractionTest(mathsLogicTest.java:22)
</failure>
  </testcase>
  <testcase classname="mavenDemo.webLoginTest" name="test03" time="45.944">
    <failure message="session not created: This version of ChromeDriver only supports Chrome version 83
Build info: version: &apos;3.141.59&apos;, revision: &apos;e82be7d358&apos;, time: &apos;2018-11-14T08:17:03&apos;
System info: host: &apos;ADMIN-PC&apos;, ip: &apos;192.168.0.104&apos;, os.name: &apos;Windows 7&apos;, os.arch: &apos;amd64&apos;, os.version: &apos;6.1&apos;, java.version: &apos;1.8.0_144&apos;
Driver info: driver.version: ChromeDriver
remote stacktrace: Backtrace:
	Ordinal0 [0x01679563+2725219]
	Ordinal0 [0x01578551+1672529]
	Ordinal0 [0x01460359+525145]
	Ordinal0 [0x013F0B77+68471]
	Ordinal0 [0x013ED32C+54060]
	Ordinal0 [0x0140CC37+183351]
	Ordinal0 [0x0140CA3D+182845]
	Ordinal0 [0x0140A94B+174411]
	Ordinal0 [0x013F2528+75048]
	Ordinal0 [0x013F35A0+79264]
	Ordinal0 [0x013F3539+79161]
	Ordinal0 [0x0158D607+1758727]
	GetHandleVerifier [0x01796546+1050150]
	GetHandleVerifier [0x01796291+1049457]
	GetHandleVerifier [0x017A10D7+1094071]
	GetHandleVerifier [0x01796B46+1051686]
	Ordinal0 [0x01585B06+1727238]
	Ordinal0 [0x0158EB7B+1764219]
	Ordinal0 [0x0158ECE3+1764579]
	Ordinal0 [0x015A4C05+1854469]
	BaseThreadInitThunk [0x75EF343D+18]
	RtlInitializeExceptionChain [0x77E89812+99]
	RtlInitializeExceptionChain [0x77E897E5+54]
" type="org.openqa.selenium.SessionNotCreatedException">org.openqa.selenium.SessionNotCreatedException: session not created: This version of ChromeDriver only supports Chrome version 83
Build info: version: &apos;3.141.59&apos;, revision: &apos;e82be7d358&apos;, time: &apos;2018-11-14T08:17:03&apos;
System info: host: &apos;ADMIN-PC&apos;, ip: &apos;192.168.0.104&apos;, os.name: &apos;Windows 7&apos;, os.arch: &apos;amd64&apos;, os.version: &apos;6.1&apos;, java.version: &apos;1.8.0_144&apos;
Driver info: driver.version: ChromeDriver
remote stacktrace: Backtrace:
	Ordinal0 [0x01679563+2725219]
	Ordinal0 [0x01578551+1672529]
	Ordinal0 [0x01460359+525145]
	Ordinal0 [0x013F0B77+68471]
	Ordinal0 [0x013ED32C+54060]
	Ordinal0 [0x0140CC37+183351]
	Ordinal0 [0x0140CA3D+182845]
	Ordinal0 [0x0140A94B+174411]
	Ordinal0 [0x013F2528+75048]
	Ordinal0 [0x013F35A0+79264]
	Ordinal0 [0x013F3539+79161]
	Ordinal0 [0x0158D607+1758727]
	GetHandleVerifier [0x01796546+1050150]
	GetHandleVerifier [0x01796291+1049457]
	GetHandleVerifier [0x017A10D7+1094071]
	GetHandleVerifier [0x01796B46+1051686]
	Ordinal0 [0x01585B06+1727238]
	Ordinal0 [0x0158EB7B+1764219]
	Ordinal0 [0x0158ECE3+1764579]
	Ordinal0 [0x015A4C05+1854469]
	BaseThreadInitThunk [0x75EF343D+18]
	RtlInitializeExceptionChain [0x77E89812+99]
	RtlInitializeExceptionChain [0x77E897E5+54]

	at sun.reflect.NativeConstructorAccessorImpl.newInstance0(Native Method)
	at sun.reflect.NativeConstructorAccessorImpl.newInstance(NativeConstructorAccessorImpl.java:62)
	at sun.reflect.DelegatingConstructorAccessorImpl.newInstance(DelegatingConstructorAccessorImpl.java:45)
	at java.lang.reflect.Constructor.newInstance(Constructor.java:423)
	at org.openqa.selenium.remote.W3CHandshakeResponse.lambda$errorHandler$0(W3CHandshakeResponse.java:62)
	at org.openqa.selenium.remote.HandshakeResponse.lambda$getResponseFunction$0(HandshakeResponse.java:30)
	at org.openqa.selenium.remote.ProtocolHandshake.lambda$createSession$0(ProtocolHandshake.java:126)
	at java.util.stream.ReferencePipeline$3$1.accept(ReferencePipeline.java:193)
	at java.util.Spliterators$ArraySpliterator.tryAdvance(Spliterators.java:958)
	at java.util.stream.ReferencePipeline.forEachWithCancel(ReferencePipeline.java:126)
	at java.util.stream.AbstractPipeline.copyIntoWithCancel(AbstractPipeline.java:498)
	at java.util.stream.AbstractPipeline.copyInto(AbstractPipeline.java:485)
	at java.util.stream.AbstractPipeline.wrapAndCopyInto(AbstractPipeline.java:471)
	at java.util.stream.FindOps$FindOp.evaluateSequential(FindOps.java:152)
	at java.util.stream.AbstractPipeline.evaluate(AbstractPipeline.java:234)
	at java.util.stream.ReferencePipeline.findFirst(ReferencePipeline.java:464)
	at org.openqa.selenium.remote.ProtocolHandshake.createSession(ProtocolHandshake.java:128)
	at org.openqa.selenium.remote.ProtocolHandshake.createSession(ProtocolHandshake.java:74)
	at org.openqa.selenium.remote.HttpCommandExecutor.execute(HttpCommandExecutor.java:136)
	at org.openqa.selenium.remote.service.DriverCommandExecutor.execute(DriverCommandExecutor.java:83)
	at org.openqa.selenium.remote.RemoteWebDriver.execute(RemoteWebDriver.java:552)
	at org.openqa.selenium.remote.RemoteWebDriver.startSession(RemoteWebDriver.java:213)
	at org.openqa.selenium.remote.RemoteWebDriver.&lt;init&gt;(RemoteWebDriver.java:131)
	at org.openqa.selenium.chrome.ChromeDriver.&lt;init&gt;(ChromeDriver.java:181)
	at org.openqa.selenium.chrome.ChromeDriver.&lt;init&gt;(ChromeDriver.java:168)
	at org.openqa.selenium.chrome.ChromeDriver.&lt;init&gt;(ChromeDriver.java:123)
	at mavenDemo.webLogin.webLoginChrome(webLogin.java:10)
	at mavenDemo.webLoginTest.test03(webLoginTest.java:14)
</failure>
    <system-err>Starting ChromeDriver 83.0.4103.39 (ccbf011cb2d2b19b506d844400483861342c20cd-refs/branch-heads/4103@{#416}) on port 17215
Only local connections are allowed.
Please see https://chromedriver.chromium.org/security-considerations for suggestions on keeping ChromeDriver safe.
ChromeDriver was started successfully.
</system-err>
  </testcase>
</testsuite>